\BOOKMARK [0][-]{chapter.1}{Introduction}{}% 1
\BOOKMARK [1][-]{section.1.1}{Problem\040Statement}{chapter.1}% 2
\BOOKMARK [1][-]{section.1.2}{Solution}{chapter.1}% 3
\BOOKMARK [2][-]{subsection.1.2.1}{Project\040description}{section.1.2}% 4
\BOOKMARK [2][-]{subsection.1.2.2}{General\040usage}{section.1.2}% 5
\BOOKMARK [2][-]{subsection.1.2.3}{Presslabs\040specific\040usecase}{section.1.2}% 6
\BOOKMARK [0][-]{chapter.2}{Theoretical\040background}{}% 7
\BOOKMARK [1][-]{section.2.1}{File\040systems}{chapter.2}% 8
\BOOKMARK [2][-]{subsection.2.1.1}{High\040level\040architecture}{section.2.1}% 9
\BOOKMARK [2][-]{subsection.2.1.2}{User\040space}{section.2.1}% 10
\BOOKMARK [1][-]{section.2.2}{Git}{chapter.2}% 11
\BOOKMARK [2][-]{subsection.2.2.1}{Overview}{section.2.2}% 12
\BOOKMARK [2][-]{subsection.2.2.2}{Internals}{section.2.2}% 13
\BOOKMARK [1][-]{section.2.3}{Python}{chapter.2}% 14
\BOOKMARK [2][-]{subsection.2.3.1}{Advantages}{section.2.3}% 15
\BOOKMARK [2][-]{subsection.2.3.2}{CFFI}{section.2.3}% 16
\BOOKMARK [2][-]{subsection.2.3.3}{Fusepy}{section.2.3}% 17
\BOOKMARK [2][-]{subsection.2.3.4}{Libgit2}{section.2.3}% 18
\BOOKMARK [2][-]{subsection.2.3.5}{Pygit2}{section.2.3}% 19
\BOOKMARK [1][-]{section.2.4}{Similar\040Projects}{chapter.2}% 20
\BOOKMARK [2][-]{subsection.2.4.1}{ZFS}{section.2.4}% 21
\BOOKMARK [2][-]{subsection.2.4.2}{SparkleShare}{section.2.4}% 22
\BOOKMARK [0][-]{chapter.3}{Project\040Implementation}{}% 23
\BOOKMARK [1][-]{section.3.1}{File\040System\040layout}{chapter.3}% 24
\BOOKMARK [1][-]{section.3.2}{Views}{chapter.3}% 25
\BOOKMARK [1][-]{section.3.3}{Concurrency\040model\040and\040behaviour}{chapter.3}% 26
\BOOKMARK [1][-]{section.3.4}{Merging}{chapter.3}% 27
\BOOKMARK [1][-]{section.3.5}{Tests}{chapter.3}% 28
\BOOKMARK [1][-]{section.3.6}{Configurable\040Options}{chapter.3}% 29
\BOOKMARK [0][-]{chapter.4}{Conclusion}{}% 30
\BOOKMARK [1][-]{section.4.1}{Summary\040of\040Thesis\040Achievements}{chapter.4}% 31
\BOOKMARK [1][-]{section.4.2}{Applications}{chapter.4}% 32
\BOOKMARK [1][-]{section.4.3}{Future\040Work}{chapter.4}% 33
\BOOKMARK [0][-]{section.4.3}{Bibliography}{}% 34
